e:\cpptest\httpclient\httpclient\debug\vc140.pdb
e:\cpptest\httpclient\httpclient\debug\vc140.idb
e:\cpptest\httpclient\httpclient\debug\easyhttp.obj
e:\cpptest\httpclient\httpclient\debug\httpclient.obj
e:\cpptest\httpclient\httpclient\debug\httpclientpoolimpl.obj
e:\cpptest\httpclient\httpclient\debug\httpclientpoolsingleton.obj
e:\cpptest\httpclient\httpclient\debug\httpdelete.obj
e:\cpptest\httpclient\httpclient\debug\httpget.obj
e:\cpptest\httpclient\httpclient\debug\httppatch.obj
e:\cpptest\httpclient\httpclient\debug\httpclientpool.obj
e:\cpptest\httpclient\httpclient\debug\httppost.obj
e:\cpptest\httpclient\httpclient\debug\httpput.obj
e:\cpptest\httpclient\httpclient\debug\httprequest.obj
e:\cpptest\httpclient\httpclient\debug\httpresponse.obj
e:\cpptest\httpclient\bin\httpclientd.lib
e:\cpptest\httpclient\bin\httpclientd.exp
e:\cpptest\httpclient\bin\httpclientd.ilk
e:\cpptest\httpclient\bin\httpclientd.dll
e:\cpptest\httpclient\bin\httpclientd.pdb
e:\cpptest\httpclient\httpclient\debug\httpclient.tlog\cl.command.1.tlog
e:\cpptest\httpclient\httpclient\debug\httpclient.tlog\cl.read.1.tlog
e:\cpptest\httpclient\httpclient\debug\httpclient.tlog\cl.write.1.tlog
e:\cpptest\httpclient\httpclient\debug\httpclient.tlog\httpclient.write.1u.tlog
e:\cpptest\httpclient\httpclient\debug\httpclient.tlog\link.command.1.tlog
e:\cpptest\httpclient\httpclient\debug\httpclient.tlog\link.read.1.tlog
e:\cpptest\httpclient\httpclient\debug\httpclient.tlog\link.write.1.tlog
